<?xml version="1.0" encoding="UTF-8"?>
<testsuite name="Cucumber" time="13.676" tests="6" skipped="0" failures="3" errors="0">
<testcase classname="Job search with country and occupation information" name="test1 - Example #1.1" time="5.261">
<failure type="java.lang.AssertionError">
<![CDATA[java.lang.AssertionError
	at org.junit.Assert.fail(Assert.java:87)
	at org.junit.Assert.assertTrue(Assert.java:42)
	at org.junit.Assert.assertTrue(Assert.java:53)
	at stepdefinitions.JobsSearchSteps.itIsVerifiedThatTheCountValueIsSmallerThanJobsCount(JobsSearchSteps.java:60)
	at ✽.It is verified that the count value is smaller than Jobs Count.(file:///C:/Users/User/Desktop/UbsProject/src/test/resources/features/JobSearch.feature:10)
]]>
</failure>
<system-out><![CDATA[
Given The Post request method is sent to the JobsSearch endpoint with the value "test automation engineer"..passed
When The Jobs Count value is saved as Jobs Count............................passed
And The number of jobs in country "Zurich"is saved as expected Count........passed
Given The Post request method is sent to the JobsSearch endpoint with the value "test automation engineer" and "Zurich"..passed
Then It is verified that the count value is smaller than Jobs Count.........failed
]]></system-out>
</testcase>
<testcase classname="Job search with country and occupation information" name="test1 - Example #1.2" time="1.687">
<system-out><![CDATA[
Given The Post request method is sent to the JobsSearch endpoint with the value "test engineer"..passed
When The Jobs Count value is saved as Jobs Count............................passed
And The number of jobs in country "Bern"is saved as expected Count..........passed
Given The Post request method is sent to the JobsSearch endpoint with the value "test engineer" and "Bern"..passed
Then It is verified that the count value is smaller than Jobs Count.........passed
]]></system-out>
</testcase>
<testcase classname="Job search with country and occupation information" name="test2 - Example #1.1" time="2.243">
<failure type="java.lang.AssertionError" message="expected:&lt;7&gt; but was:&lt;99&gt;">
<![CDATA[java.lang.AssertionError: expected:<7> but was:<99>
	at org.junit.Assert.fail(Assert.java:89)
	at org.junit.Assert.failNotEquals(Assert.java:835)
	at org.junit.Assert.assertEquals(Assert.java:647)
	at org.junit.Assert.assertEquals(Assert.java:633)
	at stepdefinitions.JobsSearchSteps.itIsVerifiedThatTheFoundCountValueInIsEqualToTheExpectedCountValue(JobsSearchSteps.java:83)
	at ✽.It is verified that the found Count value in "Zurich" is equal to the expected Count value.(file:///C:/Users/User/Desktop/UbsProject/src/test/resources/features/JobSearch.feature:24)
]]>
</failure>
<system-out><![CDATA[
Given The Post request method is sent to the JobsSearch endpoint with the value "test automation engineer"..passed
When The Jobs Count value is saved as Jobs Count............................passed
And The number of jobs in country "Zurich"is saved as expected Count........passed
Given The Post request method is sent to the JobsSearch endpoint with the value "test automation engineer" and "Zurich"..passed
And It is verified that the found Count value in "Zurich" is equal to the expected Count value..failed
]]></system-out>
</testcase>
<testcase classname="Job search with country and occupation information" name="test2 - Example #1.2" time="1.189">
<system-out><![CDATA[
Given The Post request method is sent to the JobsSearch endpoint with the value "test engineer"..passed
When The Jobs Count value is saved as Jobs Count............................passed
And The number of jobs in country "Bern"is saved as expected Count..........passed
Given The Post request method is sent to the JobsSearch endpoint with the value "test engineer" and "Bern"..passed
And It is verified that the found Count value in "Bern" is equal to the expected Count value..passed
]]></system-out>
</testcase>
<testcase classname="Job search with country and occupation information" name="test - Example #1.1" time="1.581">
<failure type="java.lang.AssertionError">
<![CDATA[java.lang.AssertionError
	at org.junit.Assert.fail(Assert.java:87)
	at org.junit.Assert.assertTrue(Assert.java:42)
	at org.junit.Assert.assertTrue(Assert.java:53)
	at stepdefinitions.JobsSearchSteps.itIsVerifiedThatThereIsNoCountryOtherThanTheFiltered(JobsSearchSteps.java:106)
	at ✽.It is verified that there is no country other than the filtered "Zurich".(file:///C:/Users/User/Desktop/UbsProject/src/test/resources/features/JobSearch.feature:37)
]]>
</failure>
<system-out><![CDATA[
Given The Post request method is sent to the JobsSearch endpoint with the value "test automation engineer"..passed
When The Jobs Count value is saved as Jobs Count............................passed
And The number of jobs in country "Zurich"is saved as expected Count........passed
Given The Post request method is sent to the JobsSearch endpoint with the value "test automation engineer" and "Zurich"..passed
And It is verified that there is no country other than the filtered "Zurich"..failed
]]></system-out>
</testcase>
<testcase classname="Job search with country and occupation information" name="test - Example #1.2" time="1.253">
<system-out><![CDATA[
Given The Post request method is sent to the JobsSearch endpoint with the value "test engineer"..passed
When The Jobs Count value is saved as Jobs Count............................passed
And The number of jobs in country "Bern"is saved as expected Count..........passed
Given The Post request method is sent to the JobsSearch endpoint with the value "test engineer" and "Bern"..passed
And It is verified that there is no country other than the filtered "Bern"..passed
]]></system-out>
</testcase>
</testsuite>
